2020-07-07 03:02:44,667: DEBUG: asyncio:Using selector: EpollSelector
2020-07-07 03:02:44,668: INFO: __main__:Started
2020-07-07 03:02:44,669: INFO: __main__:(pid:=os.getpid())=372
2020-07-07 03:02:44,670: INFO: __main__:Signal to stop program: 2
2020-07-07 03:02:44,671: INFO: __main__:Signal to stop program: 15
2020-07-07 03:02:44,814: INFO: __main__:Found: cat in File:some1.txt on line 1
2020-07-07 03:02:44,821: INFO: __main__:Found: cat in File:some1.txt on line 2
2020-07-07 03:03:05,310: INFO: __main__:file: rose.txt added
2020-07-07 03:03:31,038: INFO: __main__:file: rose.txt removed
2020-07-07 03:05:02,382: WARNING: __main__:Received SIGINT: exiting...
2020-07-07 03:05:02,386: INFO: __main__:exited program
2020-07-07 03:05:19,610: DEBUG: asyncio:Using selector: EpollSelector
2020-07-07 03:05:19,612: INFO: __main__:Started
2020-07-07 03:05:19,613: INFO: __main__:(pid:=os.getpid())=795
2020-07-07 03:05:19,613: INFO: __main__:Signal to stop program: 15
2020-07-07 03:05:19,616: INFO: __main__:Signal to stop program: 2
2020-07-07 03:05:19,624: ERROR: __main__:[Errno 2] No such file or directory: '/mnt/c/Users/Kyle Negley/Documents/GitHub/backend-dirwatcher-assessments/'
Traceback (most recent call last):
  File "dirwatcher_rough_draft.py", line 43, in stream_handler
    with os.scandir(directory) as d:
FileNotFoundError: [Errno 2] No such file or directory: '/mnt/c/Users/Kyle Negley/Documents/GitHub/backend-dirwatcher-assessments/'
2020-07-07 03:05:47,045: WARNING: __main__:Received SIGINT: exiting...
2020-07-07 03:05:47,049: INFO: __main__:exited program
