2020-07-02 16:22:06,428: DEBUG: asyncio:Using selector: EpollSelector
2020-07-02 16:22:06,463: INFO: __main__:hello
2020-07-02 16:22:06,469: INFO: __main__:goodbye
2020-07-02 16:22:06,488: INFO: __main__:['.vscode/']
2020-07-02 16:22:11,471: INFO: __main__:hello
2020-07-02 16:22:11,479: INFO: __main__:goodbye
2020-07-02 16:22:16,482: INFO: __main__:hello
2020-07-02 16:22:16,489: INFO: __main__:goodbye
2020-07-02 16:22:16,539: INFO: __main__:['I love to eat cheese and eggs. ']
2020-07-02 16:22:21,491: INFO: __main__:hello
2020-07-02 16:22:21,498: INFO: __main__:goodbye
2020-07-02 16:22:26,501: INFO: __main__:hello
2020-07-02 16:22:26,510: INFO: __main__:goodbye
2020-07-02 16:22:26,587: INFO: __main__:['I love to go riding a bike.']
2020-07-02 16:22:31,514: INFO: __main__:hello
2020-07-02 16:22:31,521: INFO: __main__:goodbye
2020-07-02 16:22:32,628: WARNING: __main__:Received SIGINT: exiting...
2020-07-02 16:22:32,654: DEBUG: asyncio:Close <_UnixSelectorEventLoop running=False closed=False debug=True>
2020-07-02 16:30:31,865: DEBUG: asyncio:Using selector: EpollSelector
2020-07-02 16:30:31,908: INFO: __main__:hello
2020-07-02 16:30:31,913: INFO: __main__:goodbye
2020-07-02 16:30:31,932: INFO: __main__:['.vscode/']
2020-07-02 16:30:36,916: INFO: __main__:hello
2020-07-02 16:30:36,924: INFO: __main__:goodbye
2020-07-02 16:30:41,926: INFO: __main__:hello
2020-07-02 16:30:41,934: INFO: __main__:goodbye
2020-07-02 16:30:41,982: INFO: __main__:['I love to eat cheese and eggs. ']
2020-07-02 16:30:46,936: INFO: __main__:hello
2020-07-02 16:30:46,945: INFO: __main__:goodbye
2020-07-02 16:30:51,946: INFO: __main__:hello
2020-07-02 16:30:51,952: INFO: __main__:goodbye
2020-07-02 16:30:52,033: INFO: __main__:['I love to go riding a bike.']
2020-07-02 16:30:56,954: INFO: __main__:hello
2020-07-02 16:30:56,962: INFO: __main__:goodbye
2020-07-02 16:30:58,072: WARNING: __main__:Received SIGINT: exiting...
2020-07-02 16:30:58,099: DEBUG: asyncio:Close <_UnixSelectorEventLoop running=False closed=False debug=True>
2020-07-02 16:31:59,875: DEBUG: asyncio:Using selector: EpollSelector
2020-07-02 16:31:59,906: INFO: __main__:hello
2020-07-02 16:31:59,912: INFO: __main__:goodbye
2020-07-02 16:31:59,930: INFO: __main__:['.vscode/']
2020-07-02 16:32:04,916: INFO: __main__:hello
2020-07-02 16:32:04,923: INFO: __main__:goodbye
2020-07-02 16:32:09,926: INFO: __main__:hello
2020-07-02 16:32:09,933: INFO: __main__:goodbye
2020-07-02 16:32:09,980: INFO: __main__:['I love to eat cheese and eggs. ']
2020-07-02 16:32:14,934: INFO: __main__:hello
2020-07-02 16:32:14,942: INFO: __main__:goodbye
2020-07-02 16:32:19,944: INFO: __main__:hello
2020-07-02 16:32:19,980: INFO: __main__:goodbye
2020-07-02 16:32:20,032: INFO: __main__:['I love to go riding a bike.']
2020-07-02 16:32:24,954: INFO: __main__:hello
2020-07-02 16:32:24,988: INFO: __main__:goodbye
2020-07-02 16:32:26,068: WARNING: __main__:Received SIGINT: exiting...
2020-07-02 16:32:26,093: DEBUG: asyncio:Close <_UnixSelectorEventLoop running=False closed=False debug=True>
2020-07-02 16:36:55,034: DEBUG: asyncio:Using selector: EpollSelector
2020-07-02 16:36:55,084: INFO: __main__:hello
2020-07-02 16:36:55,090: INFO: __main__:goodbye
2020-07-02 16:36:55,104: INFO: __main__:['.vscode/']
2020-07-02 16:37:00,092: INFO: __main__:hello
2020-07-02 16:37:00,105: INFO: __main__:goodbye
2020-07-02 16:37:05,103: INFO: __main__:hello
2020-07-02 16:37:05,110: INFO: __main__:goodbye
2020-07-02 16:37:05,162: INFO: __main__:['I love to eat cheese and eggs. ']
2020-07-02 16:37:10,112: INFO: __main__:hello
2020-07-02 16:37:10,118: INFO: __main__:goodbye
2020-07-02 16:37:15,121: INFO: __main__:hello
2020-07-02 16:37:15,127: INFO: __main__:goodbye
2020-07-02 16:37:15,208: INFO: __main__:['I love to go riding a bike.']
2020-07-02 16:37:20,129: INFO: __main__:hello
2020-07-02 16:37:20,136: INFO: __main__:goodbye
2020-07-02 16:37:21,243: WARNING: __main__:Received SIGINT: exiting...
2020-07-02 16:37:21,265: DEBUG: asyncio:Close <_UnixSelectorEventLoop running=False closed=False debug=True>
2020-07-03 05:21:50,691: DEBUG: asyncio:Using selector: EpollSelector
2020-07-03 05:21:50,728: INFO: __main__:hello
2020-07-03 05:21:50,743: INFO: __main__:goodbye
2020-07-03 05:21:50,794: INFO: __main__:['.vscode/']
2020-07-03 05:21:55,743: INFO: __main__:hello
2020-07-03 05:21:55,760: INFO: __main__:goodbye
2020-07-03 05:22:00,751: INFO: __main__:hello
2020-07-03 05:22:00,767: INFO: __main__:goodbye
2020-07-03 05:22:00,858: INFO: __main__:['I love to eat cheese and eggs. ']
2020-07-03 05:22:05,760: INFO: __main__:hello
2020-07-03 05:22:05,774: INFO: __main__:goodbye
2020-07-03 05:22:10,770: INFO: __main__:hello
2020-07-03 05:22:10,781: INFO: __main__:goodbye
2020-07-03 05:22:10,919: INFO: __main__:['I love to go riding a bike.']
2020-07-03 05:22:15,779: INFO: __main__:hello
2020-07-03 05:22:15,786: INFO: __main__:goodbye
2020-07-03 05:22:16,957: WARNING: __main__:Received SIGINT: exiting...
2020-07-03 05:22:16,985: DEBUG: asyncio:Close <_UnixSelectorEventLoop running=False closed=False debug=True>
